Hash: b86d6db29ce4828721dc
Version: webpack 1.14.0
Time: 9457ms
       Asset     Size  Chunks             Chunk Names
union.min.js  84.1 kB       0  [emitted]  main
   [0] multi main 28 bytes {0} [built]
   [1] ./union.js 126 kB {0} [built]
Hash: 20060ce93bc6b9cdb75c
Version: webpack 1.14.0
Time: 9035ms
       Asset     Size  Chunks             Chunk Names
union.min.js  84.1 kB       0  [emitted]  main
   [0] multi main 28 bytes {0} [built]
   [1] ./union.js 126 kB {0} [built]
Hash: 5b1d47a9822a80198b6a
Version: webpack 1.14.0
Time: 10141ms
       Asset     Size  Chunks             Chunk Names
union.min.js  84.1 kB       0  [emitted]  main
   [0] multi main 28 bytes {0} [built]
   [1] ./union.js 126 kB {0} [built]
Hash: 5f5da613aaf6b15deeac
Version: webpack 1.14.0
Time: 10353ms
       Asset     Size  Chunks             Chunk Names
union.min.js  84.1 kB       0  [emitted]  main
   [0] multi main 28 bytes {0} [built]
   [1] ./union.js 126 kB {0} [built]
Hash: 1ee2ae71cdd06ee66dc6
Version: webpack 1.14.0
Time: 10187ms
       Asset     Size  Chunks             Chunk Names
union.min.js  84.1 kB       0  [emitted]  main
   [0] multi main 28 bytes {0} [built]
   [1] ./union.js 126 kB {0} [built]
Hash: cd492d50ef8b2c1bc3b7
Version: webpack 1.14.0
Time: 9512ms
       Asset     Size  Chunks             Chunk Names
union.min.js  84.1 kB       0  [emitted]  main
   [0] multi main 28 bytes {0} [built]
   [1] ./union.js 126 kB {0} [built]
Hash: f452969cf499dffa086a
Version: webpack 1.14.0
Time: 8683ms
       Asset     Size  Chunks             Chunk Names
union.min.js  84.1 kB       0  [emitted]  main
   [0] multi main 28 bytes {0} [built]
   [1] ./union.js 126 kB {0} [built]
Hash: 7a56d32f3cfecd9f180a
Version: webpack 1.14.0
Time: 8653ms
       Asset     Size  Chunks             Chunk Names
union.min.js  84.1 kB       0  [emitted]  main
   [0] multi main 28 bytes {0} [built]
   [1] ./union.js 126 kB {0} [built]
Hash: a2390857a6d1eff56884
Version: webpack 1.14.0
Time: 8759ms
       Asset     Size  Chunks             Chunk Names
union.min.js  84.1 kB       0  [emitted]  main
   [0] multi main 28 bytes {0} [built]
   [1] ./union.js 126 kB {0} [built]
Hash: 397e67fea0b398e1a7c7
Version: webpack 1.14.0
Time: 8703ms
       Asset   Size  Chunks             Chunk Names
union.min.js  84 kB       0  [emitted]  main
   [0] multi main 28 bytes {0} [built]
   [1] ./union.js 126 kB {0} [built]
Hash: af1aaac4252263bebdc4
Version: webpack 1.14.0
Time: 10012ms
       Asset   Size  Chunks             Chunk Names
union.min.js  84 kB       0  [emitted]  main
   [0] multi main 28 bytes {0} [built]
   [1] ./union.js 126 kB {0} [built]
Hash: f2940e11cd59dfac25b1
Version: webpack 1.14.0
Time: 9312ms
       Asset     Size  Chunks             Chunk Names
union.min.js  84.2 kB       0  [emitted]  main
   [0] multi main 28 bytes {0} [built]
   [1] ./union.js 126 kB {0} [built]
Hash: f2940e11cd59dfac25b1
Version: webpack 1.14.0
Time: 10551ms
       Asset     Size  Chunks             Chunk Names
union.min.js  84.2 kB       0  [emitted]  main
   [0] multi main 28 bytes {0} [built]
   [1] ./union.js 126 kB {0} [built]
Hash: ec0160a2edca4869ffb8
Version: webpack 1.14.0
Time: 11837ms
       Asset     Size  Chunks             Chunk Names
union.min.js  84.5 kB       0  [emitted]  main
   [0] multi main 28 bytes {0} [built]
   [1] ./union.js 127 kB {0} [built]
Hash: 20199100a0d644618ce1
Version: webpack 1.14.0
Time: 9499ms
       Asset     Size  Chunks             Chunk Names
union.min.js  84.5 kB       0  [emitted]  main
   [0] multi main 28 bytes {0} [built]
   [1] ./union.js 127 kB {0} [built]
Hash: 20199100a0d644618ce1
Version: webpack 1.14.0
Time: 9657ms
       Asset     Size  Chunks             Chunk Names
union.min.js  84.5 kB       0  [emitted]  main
   [0] multi main 28 bytes {0} [built]
   [1] ./union.js 127 kB {0} [built]
Hash: 43c6758713f7906b3a38
Version: webpack 1.14.0
Time: 10728ms
       Asset     Size  Chunks             Chunk Names
union.min.js  85.7 kB       0  [emitted]  main
   [0] multi main 28 bytes {0} [built]
   [1] ./union.js 129 kB {0} [built]
Hash: 43c6758713f7906b3a38
Version: webpack 1.14.0
Time: 11743ms
       Asset     Size  Chunks             Chunk Names
union.min.js  85.7 kB       0  [emitted]  main
   [0] multi main 28 bytes {0} [built]
   [1] ./union.js 129 kB {0} [built]
Hash: 244605601c7bf0ef3d6c
Version: webpack 1.14.0
Time: 14632ms
       Asset     Size  Chunks             Chunk Names
union.min.js  85.8 kB       0  [emitted]  main
   [0] multi main 28 bytes {0} [built]
   [1] ./union.js 129 kB {0} [built]
Hash: 17a8d9a8ffddfffc116b
Version: webpack 1.14.0
Time: 9828ms
       Asset     Size  Chunks             Chunk Names
union.min.js  85.8 kB       0  [emitted]  main
   [0] multi main 28 bytes {0} [built]
   [1] ./union.js 129 kB {0} [built]
Hash: 7ae21462bae669f53bdc
Version: webpack 1.14.0
Time: 10528ms
       Asset     Size  Chunks             Chunk Names
union.min.js  85.8 kB       0  [emitted]  main
   [0] multi main 28 bytes {0} [built]
   [1] ./union.js 132 kB {0} [built]
Hash: 7ae21462bae669f53bdc
Version: webpack 1.14.0
Time: 8831ms
       Asset     Size  Chunks             Chunk Names
union.min.js  85.8 kB       0  [emitted]  main
   [0] multi main 28 bytes {0} [built]
   [1] ./union.js 132 kB {0} [built]
Hash: 7ae21462bae669f53bdc
Version: webpack 1.14.0
Time: 11354ms
       Asset     Size  Chunks             Chunk Names
union.min.js  85.8 kB       0  [emitted]  main
   [0] multi main 28 bytes {0} [built]
   [1] ./union.js 132 kB {0} [built]
Hash: 7ae21462bae669f53bdc
Version: webpack 1.14.0
Time: 9336ms
       Asset     Size  Chunks             Chunk Names
union.min.js  85.8 kB       0  [emitted]  main
   [0] multi main 28 bytes {0} [built]
   [1] ./union.js 132 kB {0} [built]
Hash: 7ae21462bae669f53bdc
Version: webpack 1.14.0
Time: 11918ms
       Asset     Size  Chunks             Chunk Names
union.min.js  85.8 kB       0  [emitted]  main
   [0] multi main 28 bytes {0} [built]
   [1] ./union.js 132 kB {0} [built]
Hash: 7ae21462bae669f53bdc
Version: webpack 1.14.0
Time: 14113ms
       Asset     Size  Chunks             Chunk Names
union.min.js  85.8 kB       0  [emitted]  main
   [0] multi main 28 bytes {0} [built]
   [1] ./union.js 132 kB {0} [built]
Hash: 7ae21462bae669f53bdc
Version: webpack 1.14.0
Time: 12413ms
       Asset     Size  Chunks             Chunk Names
union.min.js  85.8 kB       0  [emitted]  main
   [0] multi main 28 bytes {0} [built]
   [1] ./union.js 132 kB {0} [built]
Hash: 7ae21462bae669f53bdc
Version: webpack 1.14.0
Time: 10504ms
       Asset     Size  Chunks             Chunk Names
union.min.js  85.8 kB       0  [emitted]  main
   [0] multi main 28 bytes {0} [built]
   [1] ./union.js 132 kB {0} [built]
Hash: 7ae21462bae669f53bdc
Version: webpack 1.14.0
Time: 12356ms
       Asset     Size  Chunks             Chunk Names
union.min.js  85.8 kB       0  [emitted]  main
   [0] multi main 28 bytes {0} [built]
   [1] ./union.js 132 kB {0} [built]
Hash: 7ae21462bae669f53bdc
Version: webpack 1.14.0
Time: 12029ms
       Asset     Size  Chunks             Chunk Names
union.min.js  85.8 kB       0  [emitted]  main
   [0] multi main 28 bytes {0} [built]
   [1] ./union.js 132 kB {0} [built]
Hash: 7ae21462bae669f53bdc
Version: webpack 1.14.0
Time: 9018ms
       Asset     Size  Chunks             Chunk Names
union.min.js  85.8 kB       0  [emitted]  main
   [0] multi main 28 bytes {0} [built]
   [1] ./union.js 132 kB {0} [built]
Hash: 7ae21462bae669f53bdc
Version: webpack 1.14.0
Time: 11945ms
       Asset     Size  Chunks             Chunk Names
union.min.js  85.8 kB       0  [emitted]  main
   [0] multi main 28 bytes {0} [built]
   [1] ./union.js 132 kB {0} [built]
Hash: 7ae21462bae669f53bdc
Version: webpack 1.14.0
Time: 13918ms
       Asset     Size  Chunks             Chunk Names
union.min.js  85.8 kB       0  [emitted]  main
   [0] multi main 28 bytes {0} [built]
   [1] ./union.js 132 kB {0} [built]
Hash: b02bbc147d39a568d5d5
Version: webpack 1.14.0
Time: 13175ms
       Asset     Size  Chunks             Chunk Names
union.min.js  86.2 kB       0  [emitted]  main
   [0] multi main 28 bytes {0} [built]
   [1] ./union.js 132 kB {0} [built]
Hash: b02bbc147d39a568d5d5
Version: webpack 1.14.0
Time: 14660ms
       Asset     Size  Chunks             Chunk Names
union.min.js  86.2 kB       0  [emitted]  main
   [0] multi main 28 bytes {0} [built]
   [1] ./union.js 132 kB {0} [built]
Hash: d666daceb0d37ac1dc8b
Version: webpack 1.14.0
Time: 13044ms
       Asset     Size  Chunks             Chunk Names
union.min.js  86.2 kB       0  [emitted]  main
   [0] multi main 28 bytes {0} [built]
   [1] ./union.js 132 kB {0} [built]
